*** Starting uWSGI 2.0.29 (64bit) on [Thu May 29 17:42:49 2025] ***
compiled with version: 13.3.0 on 29 May 2025 09:37:43
os: Linux-6.8.0-60-generic #63-Ubuntu SMP PREEMPT_DYNAMIC Tue Apr 15 19:04:15 UTC 2025
nodename: hcss-ecs-d869
machine: x86_64
clock source: unix
detected number of CPU cores: 2
current working directory: /oceanyu_blog
detected binary path: /root/myenv/bin/uwsgi
!!! no internal routing support, rebuild with pcre support !!!
uWSGI running as root, you can use --uid/--gid/--chroot options
*** WARNING: you are running uWSGI as root !!! (use the --uid flag) *** 
chdir() to /oceanyu_blog
your processes number limit is 6790
your memory page size is 4096 bytes
detected max file descriptor number: 65535
lock engine: pthread robust mutexes
thunder lock: disabled (you can enable it with --thunder-lock)
probably another instance of uWSGI is running on the same address (内网ip:8002).
bind(): Address already in use [core/socket.c line 769]
